<?xml version="1.0" encoding="UTF-8"?>
<!-- Generated by org.testng.reporters.JUnitReportReporter -->
<testsuite hostname="singa141-ZRJG5L" failures="0" tests="5" name="com.browserstack.SingleTest" time="83.242" errors="0" timestamp="15 Mar 2020 20:56:42 GMT">
  <testcase classname="com.browserstack.SingleTest" name="test" time="14.368"/>
  <testcase classname="com.browserstack.SingleTest" name="test" time="21.463"/>
  <testcase classname="com.browserstack.SingleTest" name="test" time="16.824"/>
  <testcase classname="com.browserstack.SingleTest" name="test" time="17.743"/>
  <testcase classname="com.browserstack.SingleTest" name="test" time="12.844"/>
</testsuite> <!-- com.browserstack.SingleTest -->
